RicoShot!/Library/Bee/Android/Prj/Mono2x/Gradle/launcher/build/outputs/logs/manifest-merger-release-report.txt
-- Merging decision tree log ---
manifest
ADDED from src\main\AndroidManifest.xml:2:1-5:12
INJECTED from src\main\AndroidManifest.xml:2:1-5:12
INJECTED from src\main\AndroidManifest.xml:2:1-5:12
INJECTED from src\main\AndroidManifest.xml:2:1-5:12
MERGED from [:unityLibrary] AndroidManifest.xml:2:1-70:12
MERGED from [:UnityAds:] AndroidManifest.xml:2:1-35:12
MERGED from [:billing-3.0.3:] AndroidManifest.xml:2:1-24:12
MERGED from [:UnityAdsAndroidPlugin:] AndroidManifest.xml:2:1-11:12
MERGED from [:common:] AndroidManifest.xml:2:1-12:12
INJECTED from src\main\AndroidManifest.xml:2:1-5:12
INJECTED from src\main\AndroidManifest.xml:2:1-5:12
INJECTED from src\main\AndroidManifest.xml:2:1-5:12
	package
		ADDED from src\main\AndroidManifest.xml:2:70-103
		INJECTED from src\main\AndroidManifest.xml
		INJECTED from src\main\AndroidManifest.xml
	android:versionName
		INJECTED from src\main\AndroidManifest.xml
		ADDED from src\main\AndroidManifest.xml:2:1-5:12
		INJECTED from src\main\AndroidManifest.xml
	xmlns:tools
		ADDED from src\main\AndroidManifest.xml:2:104-150
	android:versionCode
		INJECTED from src\main\AndroidManifest.xml
		ADDED from src\main\AndroidManifest.xml:2:1-5:12
		INJECTED from src\main\AndroidManifest.xml
	xmlns:android
		ADDED from src\main\AndroidManifest.xml:2:11-69
	android:installLocation
		ADDED from src\main\AndroidManifest.xml:2:151-191
supports-screens
ADDED from src\main\AndroidManifest.xml:3:3-163
	android:largeScreens
		ADDED from src\main\AndroidManifest.xml:3:78-105
	android:smallScreens
		ADDED from src\main\AndroidManifest.xml:3:21-48
	android:normalScreens
		ADDED from src\main\AndroidManifest.xml:3:49-77
	android:xlargeScreens
		ADDED from src\main\AndroidManifest.xml:3:106-134
	android:anyDensity
		ADDED from src\main\AndroidManifest.xml:3:135-160
application
ADDED from src\main\AndroidManifest.xml:4:3-121
MERGED from [:unityLibrary] AndroidManifest.xml:27:5-68:19
MERGED from [:unityLibrary] AndroidManifest.xml:27:5-68:19
MERGED from [:UnityAds:] AndroidManifest.xml:12:5-33:19
MERGED from [:UnityAds:] AndroidManifest.xml:12:5-33:19
MERGED from [:billing-3.0.3:] AndroidManifest.xml:12:5-22:19
MERGED from [:billing-3.0.3:] AndroidManifest.xml:12:5-22:19
MERGED from [:common:] AndroidManifest.xml:9:5-10:19
MERGED from [:common:] AndroidManifest.xml:9:5-10:19
	android:extractNativeLibs
		ADDED from [:unityLibrary] AndroidManifest.xml:28:9-41
	android:label
		ADDED from src\main\AndroidManifest.xml:4:16-48
	android:icon
		ADDED from src\main\AndroidManifest.xml:4:49-80
	android:banner
		ADDED from src\main\AndroidManifest.xml:4:81-118
	android:isGame
		ADDED from [:unityLibrary] AndroidManifest.xml:29:9-30
uses-sdk
INJECTED from src\main\AndroidManifest.xml reason: use-sdk injection requested
INJECTED from src\main\AndroidManifest.xml
INJECTED from src\main\AndroidManifest.xml
MERGED from [:unityLibrary] AndroidManifest.xml:8:5-10:41
MERGED from [:unityLibrary] AndroidManifest.xml:8:5-10:41
MERGED from [:UnityAds:] AndroidManifest.xml:5:5-7:41
MERGED from [:UnityAds:] AndroidManifest.xml:5:5-7:41
MERGED from [:billing-3.0.3:] AndroidManifest.xml:6:5-8:41
MERGED from [:billing-3.0.3:] AndroidManifest.xml:6:5-8:41
MERGED from [:UnityAdsAndroidPlugin:] AndroidManifest.xml:7:5-9:41
MERGED from [:UnityAdsAndroidPlugin:] AndroidManifest.xml:7:5-9:41
MERGED from [:common:] AndroidManifest.xml:7:5-43
MERGED from [:common:] AndroidManifest.xml:7:5-43
INJECTED from src\main\AndroidManifest.xml
INJECTED from src\main\AndroidManifest.xml
	android:targetSdkVersion
		INJECTED from src\main\AndroidManifest.xml
		ADDED from src\main\AndroidManifest.xml
		INJECTED from src\main\AndroidManifest.xml
	android:minSdkVersion
		INJECTED from src\main\AndroidManifest.xml
		ADDED from src\main\AndroidManifest.xml
		INJECTED from src\main\AndroidManifest.xml
uses-feature#0x00020000
ADDED from [:unityLibrary] AndroidManifest.xml:12:5-54
	android:glEsVersion
		ADDED from [:unityLibrary] AndroidManifest.xml:12:19-51
uses-permission#android.permission.INTERNET
ADDED from [:unityLibrary] AndroidManifest.xml:14:5-67
MERGED from [:UnityAds:] AndroidManifest.xml:10:5-67
MERGED from [:UnityAds:] AndroidManifest.xml:10:5-67
	android:name
		ADDED from [:unityLibrary] AndroidManifest.xml:14:22-64
uses-permission#android.permission.ACCESS_NETWORK_STATE
ADDED from [:unityLibrary] AndroidManifest.xml:15:5-79
MERGED from [:UnityAds:] AndroidManifest.xml:9:5-79
MERGED from [:UnityAds:] AndroidManifest.xml:9:5-79
	android:name
		ADDED from [:unityLibrary] AndroidManifest.xml:15:22-76
uses-feature#android.hardware.touchscreen
ADDED from [:unityLibrary] AndroidManifest.xml:17:5-19:36
	android:required
		ADDED from [:unityLibrary] AndroidManifest.xml:19:9-33
	android:name
		ADDED from [:unityLibrary] AndroidManifest.xml:18:9-52
uses-feature#android.hardware.touchscreen.multitouch
ADDED from [:unityLibrary] AndroidManifest.xml:20:5-22:36
	android:required
		ADDED from [:unityLibrary] AndroidManifest.xml:22:9-33
	android:name
		ADDED from [:unityLibrary] AndroidManifest.xml:21:9-63
uses-feature#android.hardware.touchscreen.multitouch.distinct
ADDED from [:unityLibrary] AndroidManifest.xml:23:5-25:36
	android:required
		ADDED from [:unityLibrary] AndroidManifest.xml:25:9-33
	android:name
		ADDED from [:unityLibrary] AndroidManifest.xml:24:9-72
activity#com.unity3d.player.UnityPlayerActivity
ADDED from [:unityLibrary] AndroidManifest.xml:30:9-51:20
	android:screenOrientation
		ADDED from [:unityLibrary] AndroidManifest.xml:36:13-57
	android:launchMode
		ADDED from [:unityLibrary] AndroidManifest.xml:34:13-44
	android:hardwareAccelerated
		ADDED from [:unityLibrary] AndroidManifest.xml:33:13-48
	android:resizeableActivity
		ADDED from [:unityLibrary] AndroidManifest.xml:35:13-47
	android:configChanges
		ADDED from [:unityLibrary] AndroidManifest.xml:32:13-194
	android:theme
		ADDED from [:unityLibrary] AndroidManifest.xml:37:13-54
	android:name
		ADDED from [:unityLibrary] AndroidManifest.xml:31:13-66
intent-filter#action:name:android.intent.action.MAIN+category:name:android.intent.category.LAUNCHER+category:name:android.intent.category.LEANBACK_LAUNCHER
ADDED from [:unityLibrary] AndroidManifest.xml:38:13-43:29
action#android.intent.action.MAIN
ADDED from [:unityLibrary] AndroidManifest.xml:39:17-69
	android:name
		ADDED from [:unityLibrary] AndroidManifest.xml:39:25-66
category#android.intent.category.LAUNCHER
ADDED from [:unityLibrary] AndroidManifest.xml:41:17-77
	android:name
		ADDED from [:unityLibrary] AndroidManifest.xml:41:27-74
category#android.intent.category.LEANBACK_LAUNCHER
ADDED from [:unityLibrary] AndroidManifest.xml:42:17-86
	android:name
		ADDED from [:unityLibrary] AndroidManifest.xml:42:27-83
meta-data#unityplayer.UnityActivity
ADDED from [:unityLibrary] AndroidManifest.xml:45:13-47:40
	android:value
		ADDED from [:unityLibrary] AndroidManifest.xml:47:17-37
	android:name
		ADDED from [:unityLibrary] AndroidManifest.xml:46:17-57
meta-data#android.notch_support
ADDED from [:unityLibrary] AndroidManifest.xml:48:13-50:40
	android:value
		ADDED from [:unityLibrary] AndroidManifest.xml:50:17-37
	android:name
		ADDED from [:unityLibrary] AndroidManifest.xml:49:17-53
meta-data#unity.splash-mode
ADDED from [:unityLibrary] AndroidManifest.xml:53:9-55:33
	android:value
		ADDED from [:unityLibrary] AndroidManifest.xml:55:13-30
	android:name
		ADDED from [:unityLibrary] AndroidManifest.xml:54:13-45
meta-data#unity.splash-enable
ADDED from [:unityLibrary] AndroidManifest.xml:56:9-58:36
	android:value
		ADDED from [:unityLibrary] AndroidManifest.xml:58:13-33
	android:name
		ADDED from [:unityLibrary] AndroidManifest.xml:57:13-47
meta-data#unity.launch-fullscreen
ADDED from [:unityLibrary] AndroidManifest.xml:59:9-61:36
	android:value
		ADDED from [:unityLibrary] AndroidManifest.xml:61:13-33
	android:name
		ADDED from [:unityLibrary] AndroidManifest.xml:60:13-51
meta-data#unity.allow-resizable-window
ADDED from [:unityLibrary] AndroidManifest.xml:62:9-64:37
	android:value
		ADDED from [:unityLibrary] AndroidManifest.xml:64:13-34
	android:name
		ADDED from [:unityLibrary] AndroidManifest.xml:63:13-56
meta-data#notch.config
ADDED from [:unityLibrary] AndroidManifest.xml:65:9-67:50
	android:value
		ADDED from [:unityLibrary] AndroidManifest.xml:67:13-47
	android:name
		ADDED from [:unityLibrary] AndroidManifest.xml:66:13-40
activity#com.unity3d.services.ads.adunit.AdUnitActivity
ADDED from [:UnityAds:] AndroidManifest.xml:13:9-17:74
	android:hardwareAccelerated
		ADDED from [:UnityAds:] AndroidManifest.xml:16:13-47
	android:configChanges
		ADDED from [:UnityAds:] AndroidManifest.xml:15:13-170
	android:theme
		ADDED from [:UnityAds:] AndroidManifest.xml:17:13-71
	android:name
		ADDED from [:UnityAds:] AndroidManifest.xml:14:13-74
activity#com.unity3d.services.ads.adunit.AdUnitTransparentActivity
ADDED from [:UnityAds:] AndroidManifest.xml:18:9-22:86
	android:hardwareAccelerated
		ADDED from [:UnityAds:] AndroidManifest.xml:21:13-47
	android:configChanges
		ADDED from [:UnityAds:] AndroidManifest.xml:20:13-170
	android:theme
		ADDED from [:UnityAds:] AndroidManifest.xml:22:13-83
	android:name
		ADDED from [:UnityAds:] AndroidManifest.xml:19:13-85
activity#com.unity3d.services.ads.adunit.AdUnitTransparentSoftwareActivity
ADDED from [:UnityAds:] AndroidManifest.xml:23:9-27:86
	android:hardwareAccelerated
		ADDED from [:UnityAds:] AndroidManifest.xml:26:13-48
	android:configChanges
		ADDED from [:UnityAds:] AndroidManifest.xml:25:13-170
	android:theme
		ADDED from [:UnityAds:] AndroidManifest.xml:27:13-83
	android:name
		ADDED from [:UnityAds:] AndroidManifest.xml:24:13-93
activity#com.unity3d.services.ads.adunit.AdUnitSoftwareActivity
ADDED from [:UnityAds:] AndroidManifest.xml:28:9-32:74
	android:hardwareAccelerated
		ADDED from [:UnityAds:] AndroidManifest.xml:31:13-48
	android:configChanges
		ADDED from [:UnityAds:] AndroidManifest.xml:30:13-170
	android:theme
		ADDED from [:UnityAds:] AndroidManifest.xml:32:13-71
	android:name
		ADDED from [:UnityAds:] AndroidManifest.xml:29:13-82
uses-permission#com.android.vending.BILLING
ADDED from [:billing-3.0.3:] AndroidManifest.xml:10:5-67
	android:name
		ADDED from [:billing-3.0.3:] AndroidManifest.xml:10:22-64
meta-data#com.google.android.play.billingclient.version
ADDED from [:billing-3.0.3:] AndroidManifest.xml:13:9-15:37
	android:value
		ADDED from [:billing-3.0.3:] AndroidManifest.xml:15:13-34
	android:name
		ADDED from [:billing-3.0.3:] AndroidManifest.xml:14:13-73
activity#com.android.billingclient.api.ProxyBillingActivity
ADDED from [:billing-3.0.3:] AndroidManifest.xml:17:9-21:75
	android:exported
		ADDED from [:billing-3.0.3:] AndroidManifest.xml:20:13-37
	android:configChanges
		ADDED from [:billing-3.0.3:] AndroidManifest.xml:19:13-96
	android:theme
		ADDED from [:billing-3.0.3:] AndroidManifest.xml:21:13-72
	android:name
		ADDED from [:billing-3.0.3:] AndroidManifest.xml:18:13-78